2024-12-13 23:07:43,951 - INFO - Inicializando cliente en Testnet...
2024-12-13 23:07:46,485 - INFO - Dimensiones de X: (1907, 60, 9)
2024-12-13 23:08:48,292 - INFO - Predicción del modelo: 0.6744719744, Precio actual: 0.4098300000
2024-12-13 23:08:48,292 - INFO - BUY 5 USDT de DOGEUSDT a 0.4098300000
2024-12-13 23:08:48,292 - INFO - Stop-Loss: 0.4094612975, Take-Profit: 0.4101987025
2024-12-13 23:08:50,738 - INFO - Precio actual: 0.4096800000, Take-Profit: 0.4101987025, Stop-Loss: 0.4094612975
2024-12-13 23:08:56,314 - INFO - Precio actual: 0.4096800000, Take-Profit: 0.4101987025, Stop-Loss: 0.4094612975
2024-12-13 23:09:01,902 - INFO - Precio actual: 0.4096800000, Take-Profit: 0.4101987025, Stop-Loss: 0.4094612975
2024-12-13 23:09:07,457 - INFO - Precio actual: 0.4096800000, Take-Profit: 0.4101987025, Stop-Loss: 0.4094612975
2024-12-13 23:09:12,693 - INFO - Precio actual: 0.4096800000, Take-Profit: 0.4101987025, Stop-Loss: 0.4094612975
2024-12-13 23:09:18,239 - INFO - Precio actual: 0.4096800000, Take-Profit: 0.4101987025, Stop-Loss: 0.4094612975
2024-12-13 23:09:23,488 - INFO - Precio actual: 0.4096800000, Take-Profit: 0.4101987025, Stop-Loss: 0.4094612975
2024-12-13 23:09:29,043 - INFO - Precio actual: 0.4096800000, Take-Profit: 0.4101987025, Stop-Loss: 0.4094612975
2024-12-13 23:09:34,282 - INFO - Precio actual: 0.4097200000, Take-Profit: 0.4101987025, Stop-Loss: 0.4094612975
2024-12-13 23:09:39,525 - INFO - Precio actual: 0.4097200000, Take-Profit: 0.4101987025, Stop-Loss: 0.4094612975
2024-12-13 23:09:44,768 - INFO - Precio actual: 0.4097200000, Take-Profit: 0.4101987025, Stop-Loss: 0.4094612975
2024-12-13 23:09:50,004 - INFO - Precio actual: 0.4097200000, Take-Profit: 0.4101987025, Stop-Loss: 0.4094612975
2024-12-13 23:09:55,238 - INFO - Precio actual: 0.4096900000, Take-Profit: 0.4101987025, Stop-Loss: 0.4094612975
2024-12-13 23:10:00,475 - INFO - Precio actual: 0.4096900000, Take-Profit: 0.4101987025, Stop-Loss: 0.4094612975
2024-12-13 23:10:05,771 - INFO - Precio actual: 0.4096900000, Take-Profit: 0.4101987025, Stop-Loss: 0.4094612975
2024-12-13 23:10:10,993 - INFO - Precio actual: 0.4096700000, Take-Profit: 0.4101987025, Stop-Loss: 0.4094612975
2024-12-13 23:10:16,250 - INFO - Precio actual: 0.4096700000, Take-Profit: 0.4101987025, Stop-Loss: 0.4094612975
2024-12-13 23:10:21,481 - INFO - Precio actual: 0.4097300000, Take-Profit: 0.4101987025, Stop-Loss: 0.4094612975
2024-12-13 23:10:26,719 - INFO - Precio actual: 0.4096500000, Take-Profit: 0.4101987025, Stop-Loss: 0.4094612975
2024-12-13 23:10:31,965 - INFO - Precio actual: 0.4097600000, Take-Profit: 0.4101987025, Stop-Loss: 0.4094612975
2024-12-13 23:10:37,200 - INFO - Precio actual: 0.4097900000, Take-Profit: 0.4101987025, Stop-Loss: 0.4094612975
2024-12-13 23:10:42,513 - INFO - Precio actual: 0.4098100000, Take-Profit: 0.4101987025, Stop-Loss: 0.4094612975
2024-12-13 23:10:47,751 - INFO - Precio actual: 0.4098400000, Take-Profit: 0.4101987025, Stop-Loss: 0.4094612975
2024-12-13 23:10:52,990 - INFO - Precio actual: 0.4098500000, Take-Profit: 0.4101987025, Stop-Loss: 0.4094612975
2024-12-13 23:10:58,544 - INFO - Precio actual: 0.4098500000, Take-Profit: 0.4101987025, Stop-Loss: 0.4094612975
2024-12-13 23:11:03,800 - INFO - Precio actual: 0.4098500000, Take-Profit: 0.4101987025, Stop-Loss: 0.4094612975
2024-12-13 23:11:09,035 - INFO - Precio actual: 0.4099400000, Take-Profit: 0.4101987025, Stop-Loss: 0.4094612975
2024-12-13 23:11:14,287 - INFO - Precio actual: 0.4099900000, Take-Profit: 0.4101987025, Stop-Loss: 0.4094612975
2024-12-13 23:11:19,519 - INFO - Precio actual: 0.4099900000, Take-Profit: 0.4101987025, Stop-Loss: 0.4094612975
2024-12-13 23:11:24,754 - INFO - Precio actual: 0.4099900000, Take-Profit: 0.4101987025, Stop-Loss: 0.4094612975
2024-12-13 23:11:30,012 - INFO - Precio actual: 0.4099900000, Take-Profit: 0.4101987025, Stop-Loss: 0.4094612975
2024-12-13 23:11:35,259 - INFO - Precio actual: 0.4101200000, Take-Profit: 0.4101987025, Stop-Loss: 0.4094612975
2024-12-13 23:11:40,825 - INFO - Precio actual: 0.4101200000, Take-Profit: 0.4101987025, Stop-Loss: 0.4094612975
2024-12-13 23:11:46,077 - INFO - Precio actual: 0.4101200000, Take-Profit: 0.4101987025, Stop-Loss: 0.4094612975
2024-12-13 23:11:51,305 - INFO - Precio actual: 0.4101200000, Take-Profit: 0.4101987025, Stop-Loss: 0.4094612975
2024-12-13 23:11:56,546 - INFO - Precio actual: 0.4100900000, Take-Profit: 0.4101987025, Stop-Loss: 0.4094612975
2024-12-13 23:12:01,775 - INFO - Precio actual: 0.4100900000, Take-Profit: 0.4101987025, Stop-Loss: 0.4094612975
2024-12-13 23:12:07,018 - INFO - Precio actual: 0.4101500000, Take-Profit: 0.4101987025, Stop-Loss: 0.4094612975
2024-12-13 23:12:12,258 - INFO - Precio actual: 0.4101400000, Take-Profit: 0.4101987025, Stop-Loss: 0.4094612975
2024-12-13 23:12:17,878 - INFO - Precio actual: 0.4101500000, Take-Profit: 0.4101987025, Stop-Loss: 0.4094612975
2024-12-13 23:12:23,113 - INFO - Precio actual: 0.4102200000, Take-Profit: 0.4101987025, Stop-Loss: 0.4094612975
2024-12-13 23:12:23,128 - INFO - Vendiendo DOGEUSDT al precio 0.4102200000 para obtener ganancias.
2024-12-13 23:12:24,708 - INFO - Resultado: PnL: 0.0044982371 USD, PnL Acumulado: 0.0044982371 USD
2024-12-13 23:12:24,708 - INFO - Tiempo transcurrido: 0:03:36.416652
2024-12-13 23:13:28,076 - INFO - Dimensiones de X: (1907, 60, 9)
2024-12-13 23:14:43,379 - INFO - Predicción del modelo: 0.7180257440, Precio actual: 0.4101900000
2024-12-13 23:14:43,379 - INFO - BUY 5 USDT de DOGEUSDT a 0.4101900000
2024-12-13 23:14:43,379 - INFO - Stop-Loss: 0.4098782506, Take-Profit: 0.4105017494
2024-12-13 23:14:45,512 - INFO - Precio actual: 0.4100500000, Take-Profit: 0.4105017494, Stop-Loss: 0.4098782506
2024-12-13 23:14:50,748 - INFO - Precio actual: 0.4100500000, Take-Profit: 0.4105017494, Stop-Loss: 0.4098782506
2024-12-13 23:14:56,304 - INFO - Precio actual: 0.4100500000, Take-Profit: 0.4105017494, Stop-Loss: 0.4098782506
2024-12-13 23:15:01,857 - INFO - Precio actual: 0.4100500000, Take-Profit: 0.4105017494, Stop-Loss: 0.4098782506
2024-12-13 23:15:07,088 - INFO - Precio actual: 0.4100500000, Take-Profit: 0.4105017494, Stop-Loss: 0.4098782506
2024-12-13 23:15:12,324 - INFO - Precio actual: 0.4100100000, Take-Profit: 0.4105017494, Stop-Loss: 0.4098782506
2024-12-13 23:15:17,595 - INFO - Precio actual: 0.4100100000, Take-Profit: 0.4105017494, Stop-Loss: 0.4098782506
2024-12-13 23:15:22,839 - INFO - Precio actual: 0.4100100000, Take-Profit: 0.4105017494, Stop-Loss: 0.4098782506
2024-12-13 23:15:28,402 - INFO - Precio actual: 0.4100100000, Take-Profit: 0.4105017494, Stop-Loss: 0.4098782506
2024-12-13 23:15:33,641 - INFO - Precio actual: 0.4100100000, Take-Profit: 0.4105017494, Stop-Loss: 0.4098782506
2024-12-13 23:15:38,896 - INFO - Precio actual: 0.4100100000, Take-Profit: 0.4105017494, Stop-Loss: 0.4098782506
2024-12-13 23:15:44,482 - INFO - Precio actual: 0.4098900000, Take-Profit: 0.4105017494, Stop-Loss: 0.4098782506
2024-12-13 23:15:49,723 - INFO - Precio actual: 0.4099000000, Take-Profit: 0.4105017494, Stop-Loss: 0.4098782506
2024-12-13 23:15:55,569 - INFO - Precio actual: 0.4099000000, Take-Profit: 0.4105017494, Stop-Loss: 0.4098782506
2024-12-13 23:16:01,158 - INFO - Precio actual: 0.4099000000, Take-Profit: 0.4105017494, Stop-Loss: 0.4098782506
2024-12-13 23:16:06,395 - INFO - Precio actual: 0.4099300000, Take-Profit: 0.4105017494, Stop-Loss: 0.4098782506
2024-12-13 23:16:11,638 - INFO - Precio actual: 0.4099900000, Take-Profit: 0.4105017494, Stop-Loss: 0.4098782506
2024-12-13 23:16:16,877 - INFO - Precio actual: 0.4099900000, Take-Profit: 0.4105017494, Stop-Loss: 0.4098782506
2024-12-13 23:16:22,101 - INFO - Precio actual: 0.4099900000, Take-Profit: 0.4105017494, Stop-Loss: 0.4098782506
2024-12-13 23:16:27,329 - INFO - Precio actual: 0.4099900000, Take-Profit: 0.4105017494, Stop-Loss: 0.4098782506
2024-12-13 23:16:32,571 - INFO - Precio actual: 0.4099900000, Take-Profit: 0.4105017494, Stop-Loss: 0.4098782506
2024-12-13 23:16:37,852 - INFO - Precio actual: 0.4099900000, Take-Profit: 0.4105017494, Stop-Loss: 0.4098782506
2024-12-13 23:16:43,099 - INFO - Precio actual: 0.4099900000, Take-Profit: 0.4105017494, Stop-Loss: 0.4098782506
2024-12-13 23:16:48,337 - INFO - Precio actual: 0.4099800000, Take-Profit: 0.4105017494, Stop-Loss: 0.4098782506
2024-12-13 23:16:53,571 - INFO - Precio actual: 0.4099200000, Take-Profit: 0.4105017494, Stop-Loss: 0.4098782506
2024-12-13 23:16:58,808 - INFO - Precio actual: 0.4098800000, Take-Profit: 0.4105017494, Stop-Loss: 0.4098782506
2024-12-13 23:17:04,041 - INFO - Precio actual: 0.4098700000, Take-Profit: 0.4105017494, Stop-Loss: 0.4098782506
2024-12-13 23:17:04,041 - INFO - Vendiendo DOGEUSDT al precio 0.4098700000 debido a Stop-Loss.
2024-12-13 23:17:05,558 - INFO - Resultado: PnL: -0.0038000609 USD, PnL Acumulado: 0.0006981761 USD
2024-12-13 23:17:05,558 - INFO - Tiempo transcurrido: 0:02:22.178200
2024-12-13 23:18:09,304 - INFO - Dimensiones de X: (1907, 60, 9)
2024-12-13 23:18:33,134 - INFO - Predicción del modelo: 0.6834735870, Precio actual: 0.4099300000
2024-12-13 23:18:33,135 - INFO - BUY 5 USDT de DOGEUSDT a 0.4099300000
2024-12-13 23:18:33,136 - INFO - Stop-Loss: 0.4096648865, Take-Profit: 0.4101951135
2024-12-13 23:18:35,329 - INFO - Precio actual: 0.4099000000, Take-Profit: 0.4101951135, Stop-Loss: 0.4096648865
2024-12-13 23:18:40,892 - INFO - Precio actual: 0.4098900000, Take-Profit: 0.4101951135, Stop-Loss: 0.4096648865
2024-12-13 23:18:46,451 - INFO - Precio actual: 0.4099000000, Take-Profit: 0.4101951135, Stop-Loss: 0.4096648865
2024-12-13 23:18:52,008 - INFO - Precio actual: 0.4099300000, Take-Profit: 0.4101951135, Stop-Loss: 0.4096648865
2024-12-13 23:18:57,580 - INFO - Precio actual: 0.4099300000, Take-Profit: 0.4101951135, Stop-Loss: 0.4096648865
2024-12-13 23:19:02,823 - INFO - Precio actual: 0.4100000000, Take-Profit: 0.4101951135, Stop-Loss: 0.4096648865
2024-12-13 23:19:08,399 - INFO - Precio actual: 0.4100000000, Take-Profit: 0.4101951135, Stop-Loss: 0.4096648865
2024-12-13 23:19:13,629 - INFO - Precio actual: 0.4101400000, Take-Profit: 0.4101951135, Stop-Loss: 0.4096648865
2024-12-13 23:19:18,886 - INFO - Precio actual: 0.4101400000, Take-Profit: 0.4101951135, Stop-Loss: 0.4096648865
2024-12-13 23:19:24,126 - INFO - Precio actual: 0.4101700000, Take-Profit: 0.4101951135, Stop-Loss: 0.4096648865
2024-12-13 23:19:29,442 - INFO - Precio actual: 0.4101700000, Take-Profit: 0.4101951135, Stop-Loss: 0.4096648865
2024-12-13 23:19:34,682 - INFO - Precio actual: 0.4101700000, Take-Profit: 0.4101951135, Stop-Loss: 0.4096648865
2024-12-13 23:19:40,233 - INFO - Precio actual: 0.4102000000, Take-Profit: 0.4101951135, Stop-Loss: 0.4096648865
2024-12-13 23:19:40,233 - INFO - Vendiendo DOGEUSDT al precio 0.4102000000 para obtener ganancias.
2024-12-13 23:19:41,822 - INFO - Resultado: PnL: 0.0032336439 USD, PnL Acumulado: 0.0039318200 USD
2024-12-13 23:19:41,822 - INFO - Tiempo transcurrido: 0:01:08.687031
2024-12-13 23:20:10,405 - INFO - Tarea asíncrona cancelada. Cerrando...
2024-12-13 23:20:21,551 - INFO - Inicializando cliente en Testnet...
2024-12-13 23:20:24,140 - INFO - Dimensiones de X: (1907, 60, 9)
2024-12-13 23:20:45,802 - INFO - Predicción del modelo: 0.6955060363, Precio actual: 0.4102200000
2024-12-13 23:20:45,803 - INFO - BUY 5 USDT de DOGEUSDT a 0.4102200000
2024-12-13 23:20:45,803 - INFO - Stop-Loss: 0.4099453085, Take-Profit: 0.4104946915
2024-12-13 23:20:48,522 - INFO - Precio actual: 0.4101000000, Take-Profit: 0.4104946915, Stop-Loss: 0.4099453085
2024-12-13 23:20:54,095 - INFO - Precio actual: 0.4102400000, Take-Profit: 0.4104946915, Stop-Loss: 0.4099453085
2024-12-13 23:20:59,654 - INFO - Precio actual: 0.4101800000, Take-Profit: 0.4104946915, Stop-Loss: 0.4099453085
2024-12-13 23:21:05,232 - INFO - Precio actual: 0.4101500000, Take-Profit: 0.4104946915, Stop-Loss: 0.4099453085
2024-12-13 23:21:10,467 - INFO - Precio actual: 0.4102000000, Take-Profit: 0.4104946915, Stop-Loss: 0.4099453085
2024-12-13 23:21:15,929 - INFO - Precio actual: 0.4101400000, Take-Profit: 0.4104946915, Stop-Loss: 0.4099453085
2024-12-13 23:21:21,175 - INFO - Precio actual: 0.4102100000, Take-Profit: 0.4104946915, Stop-Loss: 0.4099453085
2024-12-13 23:21:26,414 - INFO - Precio actual: 0.4100300000, Take-Profit: 0.4104946915, Stop-Loss: 0.4099453085
2024-12-13 23:21:31,659 - INFO - Precio actual: 0.4101500000, Take-Profit: 0.4104946915, Stop-Loss: 0.4099453085
2024-12-13 23:21:36,897 - INFO - Precio actual: 0.4101600000, Take-Profit: 0.4104946915, Stop-Loss: 0.4099453085
2024-12-13 23:21:42,138 - INFO - Precio actual: 0.4097800000, Take-Profit: 0.4104946915, Stop-Loss: 0.4099453085
2024-12-13 23:21:42,139 - INFO - Vendiendo DOGEUSDT al precio 0.4097800000 debido a Stop-Loss.
2024-12-13 23:21:43,783 - INFO - Resultado: PnL: -0.0033481004 USD, PnL Acumulado: -0.0033481004 USD
2024-12-13 23:21:43,783 - INFO - Tiempo transcurrido: 0:00:57.979320
2024-12-13 23:22:06,948 - INFO - Dimensiones de X: (1906, 60, 9)
2024-12-13 23:22:28,598 - INFO - Predicción del modelo: 0.6949976683, Precio actual: 0.4102200000
2024-12-13 23:22:28,598 - INFO - BUY 5 USDT de DOGEUSDT a 0.4102200000
2024-12-13 23:22:28,598 - INFO - Stop-Loss: 0.4098528119, Take-Profit: 0.4105871881
2024-12-13 23:22:30,747 - INFO - Precio actual: 0.4103100000, Take-Profit: 0.4105871881, Stop-Loss: 0.4098528119
2024-12-13 23:22:36,309 - INFO - Precio actual: 0.4093700000, Take-Profit: 0.4105871881, Stop-Loss: 0.4098528119
2024-12-13 23:22:36,309 - INFO - Vendiendo DOGEUSDT al precio 0.4093700000 debido a Stop-Loss.
2024-12-13 23:22:37,910 - INFO - Resultado: PnL: -0.0044755018 USD, PnL Acumulado: -0.0078236021 USD
2024-12-13 23:22:37,911 - INFO - Tiempo transcurrido: 0:00:09.312191
2024-12-13 23:23:01,516 - INFO - Dimensiones de X: (1907, 60, 9)
2024-12-13 23:23:44,951 - INFO - Predicción del modelo: 0.3249581456, Precio actual: 0.0000241900
2024-12-13 23:23:44,951 - INFO - BUY 5 USDT de PEPEUSDT a 0.0000241900
2024-12-13 23:23:44,951 - INFO - Stop-Loss: 0.0000241738, Take-Profit: 0.0000242062
2024-12-13 23:23:47,119 - INFO - Precio actual: 0.0000242100, Take-Profit: 0.0000242062, Stop-Loss: 0.0000241738
2024-12-13 23:23:47,119 - INFO - Vendiendo PEPEUSDT al precio 0.0000242100 para obtener ganancias.
2024-12-13 23:23:48,730 - INFO - Resultado: PnL: 0.0033583864 USD, PnL Acumulado: -0.0044652157 USD
2024-12-13 23:23:48,730 - INFO - Tiempo transcurrido: 0:00:03.778631
2024-12-13 23:24:12,081 - INFO - Dimensiones de X: (1907, 60, 9)
2024-12-13 23:24:44,476 - INFO - Predicción del modelo: 0.3372173309, Precio actual: 0.0000242100
2024-12-13 23:24:44,477 - INFO - BUY 5 USDT de PEPEUSDT a 0.0000242100
2024-12-13 23:24:44,477 - INFO - Stop-Loss: 0.0000241940, Take-Profit: 0.0000242260
2024-12-13 23:24:46,824 - INFO - Precio actual: 0.0000242200, Take-Profit: 0.0000242260, Stop-Loss: 0.0000241940
2024-12-13 23:24:52,059 - INFO - Precio actual: 0.0000242200, Take-Profit: 0.0000242260, Stop-Loss: 0.0000241940
2024-12-13 23:24:57,625 - INFO - Precio actual: 0.0000242200, Take-Profit: 0.0000242260, Stop-Loss: 0.0000241940
2024-12-13 23:25:03,185 - INFO - Precio actual: 0.0000242100, Take-Profit: 0.0000242260, Stop-Loss: 0.0000241940
2024-12-13 23:25:08,424 - INFO - Precio actual: 0.0000242100, Take-Profit: 0.0000242260, Stop-Loss: 0.0000241940
2024-12-13 23:25:13,733 - INFO - Precio actual: 0.0000242100, Take-Profit: 0.0000242260, Stop-Loss: 0.0000241940
2024-12-13 23:25:18,971 - INFO - Precio actual: 0.0000242100, Take-Profit: 0.0000242260, Stop-Loss: 0.0000241940
2024-12-13 23:25:24,214 - INFO - Precio actual: 0.0000242100, Take-Profit: 0.0000242260, Stop-Loss: 0.0000241940
2024-12-13 23:25:29,458 - INFO - Precio actual: 0.0000242100, Take-Profit: 0.0000242260, Stop-Loss: 0.0000241940
2024-12-13 23:25:34,767 - INFO - Precio actual: 0.0000242100, Take-Profit: 0.0000242260, Stop-Loss: 0.0000241940
2024-12-13 23:25:40,007 - INFO - Precio actual: 0.0000242100, Take-Profit: 0.0000242260, Stop-Loss: 0.0000241940
2024-12-13 23:25:45,572 - INFO - Precio actual: 0.0000242100, Take-Profit: 0.0000242260, Stop-Loss: 0.0000241940
2024-12-13 23:25:50,803 - INFO - Precio actual: 0.0000242100, Take-Profit: 0.0000242260, Stop-Loss: 0.0000241940
2024-12-13 23:25:56,106 - INFO - Precio actual: 0.0000242000, Take-Profit: 0.0000242260, Stop-Loss: 0.0000241940
2024-12-13 23:26:01,663 - INFO - Precio actual: 0.0000242000, Take-Profit: 0.0000242260, Stop-Loss: 0.0000241940
2024-12-13 23:26:06,907 - INFO - Precio actual: 0.0000242000, Take-Profit: 0.0000242260, Stop-Loss: 0.0000241940
2024-12-13 23:26:12,159 - INFO - Precio actual: 0.0000242100, Take-Profit: 0.0000242260, Stop-Loss: 0.0000241940
2024-12-13 23:26:17,424 - INFO - Precio actual: 0.0000242100, Take-Profit: 0.0000242260, Stop-Loss: 0.0000241940
2024-12-13 23:26:22,662 - INFO - Precio actual: 0.0000242100, Take-Profit: 0.0000242260, Stop-Loss: 0.0000241940
2024-12-13 23:26:27,903 - INFO - Precio actual: 0.0000242100, Take-Profit: 0.0000242260, Stop-Loss: 0.0000241940
2024-12-13 23:26:33,135 - INFO - Precio actual: 0.0000242100, Take-Profit: 0.0000242260, Stop-Loss: 0.0000241940
2024-12-13 23:26:38,382 - INFO - Precio actual: 0.0000242100, Take-Profit: 0.0000242260, Stop-Loss: 0.0000241940
2024-12-13 23:26:43,621 - INFO - Precio actual: 0.0000242100, Take-Profit: 0.0000242260, Stop-Loss: 0.0000241940
2024-12-13 23:26:48,859 - INFO - Precio actual: 0.0000242100, Take-Profit: 0.0000242260, Stop-Loss: 0.0000241940
2024-12-13 23:26:54,112 - INFO - Precio actual: 0.0000242100, Take-Profit: 0.0000242260, Stop-Loss: 0.0000241940
2024-12-13 23:26:59,669 - INFO - Precio actual: 0.0000242000, Take-Profit: 0.0000242260, Stop-Loss: 0.0000241940
2024-12-13 23:27:04,890 - INFO - Precio actual: 0.0000242100, Take-Profit: 0.0000242260, Stop-Loss: 0.0000241940
2024-12-13 23:27:10,128 - INFO - Precio actual: 0.0000242100, Take-Profit: 0.0000242260, Stop-Loss: 0.0000241940
2024-12-13 23:27:15,367 - INFO - Precio actual: 0.0000242100, Take-Profit: 0.0000242260, Stop-Loss: 0.0000241940
2024-12-13 23:27:20,602 - INFO - Precio actual: 0.0000242100, Take-Profit: 0.0000242260, Stop-Loss: 0.0000241940
2024-12-13 23:27:25,847 - INFO - Precio actual: 0.0000242100, Take-Profit: 0.0000242260, Stop-Loss: 0.0000241940
2024-12-13 23:27:31,084 - INFO - Precio actual: 0.0000242100, Take-Profit: 0.0000242260, Stop-Loss: 0.0000241940
2024-12-13 23:27:36,316 - INFO - Precio actual: 0.0000242100, Take-Profit: 0.0000242260, Stop-Loss: 0.0000241940
2024-12-13 23:27:41,540 - INFO - Precio actual: 0.0000242200, Take-Profit: 0.0000242260, Stop-Loss: 0.0000241940
2024-12-13 23:27:46,770 - INFO - Precio actual: 0.0000242200, Take-Profit: 0.0000242260, Stop-Loss: 0.0000241940
2024-12-13 23:27:52,011 - INFO - Precio actual: 0.0000242200, Take-Profit: 0.0000242260, Stop-Loss: 0.0000241940
2024-12-13 23:27:57,260 - INFO - Precio actual: 0.0000242200, Take-Profit: 0.0000242260, Stop-Loss: 0.0000241940
2024-12-13 23:28:02,502 - INFO - Precio actual: 0.0000242200, Take-Profit: 0.0000242260, Stop-Loss: 0.0000241940
2024-12-13 23:28:07,742 - INFO - Precio actual: 0.0000242200, Take-Profit: 0.0000242260, Stop-Loss: 0.0000241940
2024-12-13 23:28:12,986 - INFO - Precio actual: 0.0000242200, Take-Profit: 0.0000242260, Stop-Loss: 0.0000241940
2024-12-13 23:28:18,212 - INFO - Precio actual: 0.0000242100, Take-Profit: 0.0000242260, Stop-Loss: 0.0000241940
2024-12-13 23:28:23,470 - INFO - Precio actual: 0.0000242100, Take-Profit: 0.0000242260, Stop-Loss: 0.0000241940
2024-12-13 23:28:28,698 - INFO - Precio actual: 0.0000242100, Take-Profit: 0.0000242260, Stop-Loss: 0.0000241940
2024-12-13 23:28:33,932 - INFO - Precio actual: 0.0000242100, Take-Profit: 0.0000242260, Stop-Loss: 0.0000241940
2024-12-13 23:28:39,228 - INFO - Precio actual: 0.0000242100, Take-Profit: 0.0000242260, Stop-Loss: 0.0000241940
2024-12-13 23:28:44,458 - INFO - Precio actual: 0.0000242100, Take-Profit: 0.0000242260, Stop-Loss: 0.0000241940
2024-12-13 23:28:49,691 - INFO - Precio actual: 0.0000242100, Take-Profit: 0.0000242260, Stop-Loss: 0.0000241940
2024-12-13 23:28:54,935 - INFO - Precio actual: 0.0000242100, Take-Profit: 0.0000242260, Stop-Loss: 0.0000241940
2024-12-13 23:29:00,174 - INFO - Precio actual: 0.0000242100, Take-Profit: 0.0000242260, Stop-Loss: 0.0000241940
2024-12-13 23:29:05,409 - INFO - Precio actual: 0.0000242100, Take-Profit: 0.0000242260, Stop-Loss: 0.0000241940
2024-12-13 23:29:10,989 - INFO - Precio actual: 0.0000242100, Take-Profit: 0.0000242260, Stop-Loss: 0.0000241940
2024-12-13 23:29:16,561 - INFO - Precio actual: 0.0000242100, Take-Profit: 0.0000242260, Stop-Loss: 0.0000241940
2024-12-13 23:29:21,814 - INFO - Precio actual: 0.0000242100, Take-Profit: 0.0000242260, Stop-Loss: 0.0000241940
2024-12-13 23:29:27,064 - INFO - Precio actual: 0.0000242100, Take-Profit: 0.0000242260, Stop-Loss: 0.0000241940
2024-12-13 23:29:32,304 - INFO - Precio actual: 0.0000242100, Take-Profit: 0.0000242260, Stop-Loss: 0.0000241940
2024-12-13 23:29:37,562 - INFO - Precio actual: 0.0000242100, Take-Profit: 0.0000242260, Stop-Loss: 0.0000241940
2024-12-13 23:29:42,800 - INFO - Precio actual: 0.0000242100, Take-Profit: 0.0000242260, Stop-Loss: 0.0000241940
2024-12-13 23:29:48,360 - INFO - Precio actual: 0.0000242100, Take-Profit: 0.0000242260, Stop-Loss: 0.0000241940
2024-12-13 23:29:53,612 - INFO - Precio actual: 0.0000242100, Take-Profit: 0.0000242260, Stop-Loss: 0.0000241940
2024-12-13 23:29:58,854 - INFO - Precio actual: 0.0000242100, Take-Profit: 0.0000242260, Stop-Loss: 0.0000241940
2024-12-13 23:30:04,096 - INFO - Precio actual: 0.0000242100, Take-Profit: 0.0000242260, Stop-Loss: 0.0000241940
2024-12-13 23:30:09,333 - INFO - Precio actual: 0.0000242100, Take-Profit: 0.0000242260, Stop-Loss: 0.0000241940
2024-12-13 23:30:14,903 - INFO - Precio actual: 0.0000242100, Take-Profit: 0.0000242260, Stop-Loss: 0.0000241940
2024-12-13 23:30:20,143 - INFO - Precio actual: 0.0000242100, Take-Profit: 0.0000242260, Stop-Loss: 0.0000241940
2024-12-13 23:30:25,392 - INFO - Precio actual: 0.0000242100, Take-Profit: 0.0000242260, Stop-Loss: 0.0000241940
2024-12-13 23:30:30,619 - INFO - Precio actual: 0.0000242100, Take-Profit: 0.0000242260, Stop-Loss: 0.0000241940
2024-12-13 23:30:35,867 - INFO - Precio actual: 0.0000242100, Take-Profit: 0.0000242260, Stop-Loss: 0.0000241940
2024-12-13 23:30:41,431 - INFO - Precio actual: 0.0000242100, Take-Profit: 0.0000242260, Stop-Loss: 0.0000241940
2024-12-13 23:30:46,656 - INFO - Precio actual: 0.0000242200, Take-Profit: 0.0000242260, Stop-Loss: 0.0000241940
2024-12-13 23:30:52,220 - INFO - Precio actual: 0.0000242300, Take-Profit: 0.0000242260, Stop-Loss: 0.0000241940
2024-12-13 23:30:52,220 - INFO - Vendiendo PEPEUSDT al precio 0.0000242300 para obtener ganancias.
2024-12-13 23:30:53,737 - INFO - Resultado: PnL: 0.0033043044 USD, PnL Acumulado: -0.0011609113 USD
2024-12-13 23:30:53,737 - INFO - Tiempo transcurrido: 0:06:09.259637
2024-12-13 23:31:17,132 - INFO - Dimensiones de X: (1907, 60, 9)
2024-12-13 23:31:34,808 - INFO - Predicción del modelo: 0.3406442702, Precio actual: 0.0000242300
2024-12-13 23:31:34,808 - INFO - BUY 5 USDT de PEPEUSDT a 0.0000242300
2024-12-13 23:31:34,808 - INFO - Stop-Loss: 0.0000242140, Take-Profit: 0.0000242460
2024-12-13 23:31:40,207 - INFO - Precio actual: 0.0000242300, Take-Profit: 0.0000242460, Stop-Loss: 0.0000242140
2024-12-13 23:31:45,455 - INFO - Precio actual: 0.0000242300, Take-Profit: 0.0000242460, Stop-Loss: 0.0000242140
2024-12-13 23:31:51,014 - INFO - Precio actual: 0.0000242300, Take-Profit: 0.0000242460, Stop-Loss: 0.0000242140
2024-12-13 23:31:56,256 - INFO - Precio actual: 0.0000242200, Take-Profit: 0.0000242460, Stop-Loss: 0.0000242140
2024-12-13 23:32:01,521 - INFO - Precio actual: 0.0000242200, Take-Profit: 0.0000242460, Stop-Loss: 0.0000242140
2024-12-13 23:32:06,746 - INFO - Precio actual: 0.0000242200, Take-Profit: 0.0000242460, Stop-Loss: 0.0000242140
2024-12-13 23:32:11,981 - INFO - Precio actual: 0.0000242300, Take-Profit: 0.0000242460, Stop-Loss: 0.0000242140
2024-12-13 23:32:17,540 - INFO - Precio actual: 0.0000242300, Take-Profit: 0.0000242460, Stop-Loss: 0.0000242140
2024-12-13 23:32:22,770 - INFO - Precio actual: 0.0000242300, Take-Profit: 0.0000242460, Stop-Loss: 0.0000242140
2024-12-13 23:32:27,997 - INFO - Precio actual: 0.0000242200, Take-Profit: 0.0000242460, Stop-Loss: 0.0000242140
2024-12-13 23:32:33,246 - INFO - Precio actual: 0.0000242200, Take-Profit: 0.0000242460, Stop-Loss: 0.0000242140
2024-12-13 23:32:38,812 - INFO - Precio actual: 0.0000242200, Take-Profit: 0.0000242460, Stop-Loss: 0.0000242140
2024-12-13 23:32:44,036 - INFO - Precio actual: 0.0000242200, Take-Profit: 0.0000242460, Stop-Loss: 0.0000242140
2024-12-13 23:32:49,286 - INFO - Precio actual: 0.0000242200, Take-Profit: 0.0000242460, Stop-Loss: 0.0000242140
2024-12-13 23:32:54,520 - INFO - Precio actual: 0.0000242200, Take-Profit: 0.0000242460, Stop-Loss: 0.0000242140
2024-12-13 23:32:59,755 - INFO - Precio actual: 0.0000242200, Take-Profit: 0.0000242460, Stop-Loss: 0.0000242140
2024-12-13 23:33:04,990 - INFO - Precio actual: 0.0000242200, Take-Profit: 0.0000242460, Stop-Loss: 0.0000242140
2024-12-13 23:33:10,228 - INFO - Precio actual: 0.0000242200, Take-Profit: 0.0000242460, Stop-Loss: 0.0000242140
2024-12-13 23:33:15,469 - INFO - Precio actual: 0.0000242200, Take-Profit: 0.0000242460, Stop-Loss: 0.0000242140
2024-12-13 23:33:20,698 - INFO - Precio actual: 0.0000242200, Take-Profit: 0.0000242460, Stop-Loss: 0.0000242140
2024-12-13 23:33:25,929 - INFO - Precio actual: 0.0000242200, Take-Profit: 0.0000242460, Stop-Loss: 0.0000242140
2024-12-13 23:33:31,164 - INFO - Precio actual: 0.0000242200, Take-Profit: 0.0000242460, Stop-Loss: 0.0000242140
2024-12-13 23:33:36,744 - INFO - Precio actual: 0.0000242100, Take-Profit: 0.0000242460, Stop-Loss: 0.0000242140
2024-12-13 23:33:36,744 - INFO - Vendiendo PEPEUSDT al precio 0.0000242100 debido a Stop-Loss.
2024-12-13 23:33:38,526 - INFO - Resultado: PnL: -0.0033076588 USD, PnL Acumulado: -0.0044685700 USD
2024-12-13 23:33:38,527 - INFO - Tiempo transcurrido: 0:02:03.718280
2024-12-13 23:34:01,493 - INFO - Dimensiones de X: (1906, 60, 9)
2024-12-13 23:34:14,591 - INFO - Tarea asíncrona cancelada. Cerrando...
2024-12-13 23:34:31,816 - INFO - Inicializando cliente en Testnet...
2024-12-13 23:34:34,185 - INFO - Dimensiones de X: (1887, 80, 9)
2024-12-13 23:35:37,883 - INFO - Predicción del modelo: 0.6447786689, Precio actual: 0.4089200000
2024-12-13 23:35:37,883 - INFO - BUY 5 USDT de DOGEUSDT a 0.4089200000
2024-12-13 23:35:37,883 - INFO - Stop-Loss: 0.4086116165, Take-Profit: 0.4092283835
2024-12-13 23:35:40,467 - INFO - Precio actual: 0.4091600000, Take-Profit: 0.4092283835, Stop-Loss: 0.4086116165
2024-12-13 23:35:46,030 - INFO - Precio actual: 0.4091900000, Take-Profit: 0.4092283835, Stop-Loss: 0.4086116165
2024-12-13 23:35:51,611 - INFO - Precio actual: 0.4092000000, Take-Profit: 0.4092283835, Stop-Loss: 0.4086116165
2024-12-13 23:35:57,167 - INFO - Precio actual: 0.4092000000, Take-Profit: 0.4092283835, Stop-Loss: 0.4086116165
2024-12-13 23:36:02,416 - INFO - Precio actual: 0.4092400000, Take-Profit: 0.4092283835, Stop-Loss: 0.4086116165
2024-12-13 23:36:02,416 - INFO - Vendiendo DOGEUSDT al precio 0.4092400000 para obtener ganancias.
2024-12-13 23:36:03,993 - INFO - Resultado: PnL: 0.0037707064 USD, PnL Acumulado: 0.0037707064 USD
2024-12-13 23:36:03,993 - INFO - Tiempo transcurrido: 0:00:26.109823
2024-12-13 23:36:12,184 - INFO - Dimensiones de X: (1887, 80, 9)
2024-12-13 23:37:14,496 - INFO - Predicción del modelo: 0.6344268322, Precio actual: 0.4092400000
2024-12-13 23:37:14,497 - INFO - BUY 5 USDT de DOGEUSDT a 0.4092400000
2024-12-13 23:37:14,498 - INFO - Stop-Loss: 0.4089454372, Take-Profit: 0.4095345628
2024-12-13 23:37:16,767 - INFO - Precio actual: 0.4090900000, Take-Profit: 0.4095345628, Stop-Loss: 0.4089454372
2024-12-13 23:37:22,324 - INFO - Precio actual: 0.4091100000, Take-Profit: 0.4095345628, Stop-Loss: 0.4089454372
2024-12-13 23:37:27,608 - INFO - Precio actual: 0.4091900000, Take-Profit: 0.4095345628, Stop-Loss: 0.4089454372
2024-12-13 23:37:32,842 - INFO - Precio actual: 0.4092300000, Take-Profit: 0.4095345628, Stop-Loss: 0.4089454372
2024-12-13 23:37:38,066 - INFO - Precio actual: 0.4092100000, Take-Profit: 0.4095345628, Stop-Loss: 0.4089454372
2024-12-13 23:37:43,290 - INFO - Precio actual: 0.4092100000, Take-Profit: 0.4095345628, Stop-Loss: 0.4089454372
2024-12-13 23:37:48,961 - INFO - Precio actual: 0.4092100000, Take-Profit: 0.4095345628, Stop-Loss: 0.4089454372
2024-12-13 23:37:54,188 - INFO - Precio actual: 0.4092100000, Take-Profit: 0.4095345628, Stop-Loss: 0.4089454372
2024-12-13 23:37:59,408 - INFO - Precio actual: 0.4091900000, Take-Profit: 0.4095345628, Stop-Loss: 0.4089454372
2024-12-13 23:38:04,633 - INFO - Precio actual: 0.4092700000, Take-Profit: 0.4095345628, Stop-Loss: 0.4089454372
2024-12-13 23:38:07,066 - INFO - Tarea asíncrona cancelada. Cerrando...
